   1               		.file	"Events.c"
   2               	__SREG__ = 0x3f
   3               	__SP_H__ = 0x3e
   4               	__SP_L__ = 0x3d
   5               	__CCP__  = 0x34
   6               	__tmp_reg__ = 0
   7               	__zero_reg__ = 1
  15               	.Ltext0:
  16               		.section	.text.USB_Event_Stub,"ax",@progbits
  17               	.global	USB_Event_Stub
  19               	USB_Event_Stub:
  20               	.LFB6:
  21               	.LSM0:
  22               	/* prologue: function */
  23               	/* frame size = 0 */
  24               	/* epilogue start */
  25               	.LSM1:
  26 0000 0895      		ret
  27               	.LFE6:
  29               		.weak	EVENT_USB_Host_HostError
  30               		.set	EVENT_USB_Host_HostError,USB_Event_Stub
  31               		.weak	EVENT_USB_Host_DeviceAttached
  32               		.set	EVENT_USB_Host_DeviceAttached,USB_Event_Stub
  33               		.weak	EVENT_USB_Host_DeviceUnattached
  34               		.set	EVENT_USB_Host_DeviceUnattached,USB_Event_Stub
  35               		.weak	EVENT_USB_Host_DeviceEnumerationComplete
  36               		.set	EVENT_USB_Host_DeviceEnumerationComplete,USB_Event_Stub
  37               		.weak	EVENT_USB_Host_DeviceEnumerationFailed
  38               		.set	EVENT_USB_Host_DeviceEnumerationFailed,USB_Event_Stub
  63               	.Letext0:
DEFINED SYMBOLS
                            *ABS*:00000000 Events.c
C:\Users\Mike\AppData\Local\Temp/ccZ44Flt.s:2      *ABS*:0000003f __SREG__
C:\Users\Mike\AppData\Local\Temp/ccZ44Flt.s:3      *ABS*:0000003e __SP_H__
C:\Users\Mike\AppData\Local\Temp/ccZ44Flt.s:4      *ABS*:0000003d __SP_L__
C:\Users\Mike\AppData\Local\Temp/ccZ44Flt.s:5      *ABS*:00000034 __CCP__
C:\Users\Mike\AppData\Local\Temp/ccZ44Flt.s:6      *ABS*:00000000 __tmp_reg__
C:\Users\Mike\AppData\Local\Temp/ccZ44Flt.s:7      *ABS*:00000001 __zero_reg__
C:\Users\Mike\AppData\Local\Temp/ccZ44Flt.s:19     .text.USB_Event_Stub:00000000 USB_Event_Stub
C:\Users\Mike\AppData\Local\Temp/ccZ44Flt.s:19     .text.USB_Event_Stub:00000000 EVENT_USB_Host_HostError
C:\Users\Mike\AppData\Local\Temp/ccZ44Flt.s:19     .text.USB_Event_Stub:00000000 EVENT_USB_Host_DeviceAttached
C:\Users\Mike\AppData\Local\Temp/ccZ44Flt.s:19     .text.USB_Event_Stub:00000000 EVENT_USB_Host_DeviceUnattached
C:\Users\Mike\AppData\Local\Temp/ccZ44Flt.s:19     .text.USB_Event_Stub:00000000 EVENT_USB_Host_DeviceEnumerationComplete
C:\Users\Mike\AppData\Local\Temp/ccZ44Flt.s:19     .text.USB_Event_Stub:00000000 EVENT_USB_Host_DeviceEnumerationFailed

NO UNDEFINED SYMBOLS
