   1               		.file	"USBTask.c"
   2               	__SREG__ = 0x3f
   3               	__SP_H__ = 0x3e
   4               	__SP_L__ = 0x3d
   5               	__CCP__  = 0x34
   6               	__tmp_reg__ = 0
   7               	__zero_reg__ = 1
  15               	.Ltext0:
  16               		.section	.text.USB_USBTask,"ax",@progbits
  17               	.global	USB_USBTask
  19               	USB_USBTask:
  20               	.LFB32:
  21               	.LSM0:
  22 0000 FF92      		push r15
  23 0002 0F93      		push r16
  24 0004 1F93      		push r17
  25               	/* prologue: function */
  26               	/* frame size = 0 */
  27               	.LBB4:
  28               	.LBB5:
  29               	.LSM1:
  30 0006 07EA      		ldi r16,lo8(167)
  31 0008 10E0      		ldi r17,hi8(167)
  32 000a F801      		movw r30,r16
  33 000c F080      		ld r15,Z
  34               	.LVL0:
  35 000e F7E0      		ldi r31,lo8(7)
  36 0010 FF22      		and r15,r31
  37               	.LSM2:
  38 0012 F801      		movw r30,r16
  39 0014 1082      		st Z,__zero_reg__
  40               	.LSM3:
  41 0016 0E94 0000 		call USB_Host_ProcessNextHostState
  42               	.LSM4:
  43 001a F801      		movw r30,r16
  44 001c F082      		st Z,r15
  45               	/* epilogue start */
  46               	.LBE5:
  47               	.LBE4:
  48               	.LSM5:
  49 001e 1F91      		pop r17
  50 0020 0F91      		pop r16
  51 0022 FF90      		pop r15
  52               	.LVL1:
  53 0024 0895      		ret
  54               	.LFE32:
  56               		.comm USB_IsInitialized,1,1
  57               		.comm USB_ControlRequest,8,1
  58               		.comm USB_HostState,1,1
  83               	.Letext0:
DEFINED SYMBOLS
                            *ABS*:00000000 USBTask.c
C:\Users\Mike\AppData\Local\Temp/ccl8IvxR.s:2      *ABS*:0000003f __SREG__
C:\Users\Mike\AppData\Local\Temp/ccl8IvxR.s:3      *ABS*:0000003e __SP_H__
C:\Users\Mike\AppData\Local\Temp/ccl8IvxR.s:4      *ABS*:0000003d __SP_L__
C:\Users\Mike\AppData\Local\Temp/ccl8IvxR.s:5      *ABS*:00000034 __CCP__
C:\Users\Mike\AppData\Local\Temp/ccl8IvxR.s:6      *ABS*:00000000 __tmp_reg__
C:\Users\Mike\AppData\Local\Temp/ccl8IvxR.s:7      *ABS*:00000001 __zero_reg__
C:\Users\Mike\AppData\Local\Temp/ccl8IvxR.s:19     .text.USB_USBTask:00000000 USB_USBTask
                            *COM*:00000001 USB_IsInitialized
                            *COM*:00000008 USB_ControlRequest
                            *COM*:00000001 USB_HostState

UNDEFINED SYMBOLS
USB_Host_ProcessNextHostState
__do_clear_bss
